warning: file found to be present in multiple build targets: /home/mkroening/Development/stevenarella/src/main.rs
    Finished release [optimized] target(s) in 0.11s
     Running `target/release/stevenarella`
[main.rs:216][INFO] Starting steven
[blocking/wait.rs:46][TRACE] (ThreadId(2)) park without timeout
[poll.rs:787][TRACE] registering with poller
[poll.rs:787][TRACE] registering with poller
[poll.rs:787][TRACE] registering with poller
[poll.rs:787][TRACE] registering with poller
[poll.rs:787][TRACE] registering with poller
[poll.rs:787][TRACE] registering with poller
[blocking/client.rs:653][TRACE] (ThreadId(3)) start runtime::block_on
[blocking/wait.rs:46][TRACE] (ThreadId(4)) park without timeout
[poll.rs:787][TRACE] registering with poller
[blocking/client.rs:653][TRACE] (ThreadId(5)) start runtime::block_on
thread 'main' panicked at 'called `Option::unwrap()` on a `None` value', /home/mkroening/.cargo/registry/src/github.com-1ecc6299db9ec823/winit-0.22.2/src/platform_impl/linux/wayland/window.rs:398:22
stack backtrace:
   0: backtrace::backtrace::libunwind::trace
             at /cargo/registry/src/github.com-1ecc6299db9ec823/backtrace-0.3.44/src/backtrace/libunwind.rs:86
   1: backtrace::backtrace::trace_unsynchronized
             at /cargo/registry/src/github.com-1ecc6299db9ec823/backtrace-0.3.44/src/backtrace/mod.rs:66
   2: std::sys_common::backtrace::_print_fmt
             at src/libstd/sys_common/backtrace.rs:78
   3: <std::sys_common::backtrace::_print::DisplayBacktrace as core::fmt::Display>::fmt
             at src/libstd/sys_common/backtrace.rs:59
   4: core::fmt::write
             at src/libcore/fmt/mod.rs:1063
   5: std::io::Write::write_fmt
             at src/libstd/io/mod.rs:1426
   6: std::sys_common::backtrace::_print
             at src/libstd/sys_common/backtrace.rs:62
   7: std::sys_common::backtrace::print
             at src/libstd/sys_common/backtrace.rs:49
   8: std::panicking::default_hook::{{closure}}
             at src/libstd/panicking.rs:204
   9: std::panicking::default_hook
             at src/libstd/panicking.rs:224
  10: std::panicking::rust_panic_with_hook
             at src/libstd/panicking.rs:470
  11: rust_begin_unwind
             at src/libstd/panicking.rs:378
  12: core::panicking::panic_fmt
             at src/libcore/panicking.rs:85
  13: core::panicking::panic
             at src/libcore/panicking.rs:52
  14: winit::platform_impl::platform::wayland::window::Window::current_monitor
  15: winit::window::Window::current_monitor
  16: stevenarella::main2
  17: stevenarella::main
  18: std::rt::lang_start::{{closure}}
  19: std::rt::lang_start_internal::{{closure}}
             at src/libstd/rt.rs:52
  20: std::panicking::try::do_call
             at src/libstd/panicking.rs:303
  21: __rust_maybe_catch_panic
             at src/libpanic_unwind/lib.rs:86
  22: std::panicking::try
             at src/libstd/panicking.rs:281
  23: std::panic::catch_unwind
             at src/libstd/panic.rs:394
  24: std::rt::lang_start_internal
             at src/libstd/rt.rs:51
  25: main
  26: __libc_start_main
  27: _start
note: Some details are omitted, run with `RUST_BACKTRACE=full` for a verbose backtrace.
[blocking/client.rs:600][TRACE] closing runtime thread (ThreadId(5))
[blocking/client.rs:602][TRACE] signaled close for runtime thread (ThreadId(5))
[blocking/client.rs:650][TRACE] (ThreadId(5)) Receiver is shutdown
[blocking/client.rs:655][TRACE] (ThreadId(5)) end runtime::block_on
[blocking/client.rs:657][TRACE] (ThreadId(5)) finished
thread '<unnamed>' panicked at 'cannot access stdout during shutdown', src/libstd/io/stdio.rs:487:25
stack backtrace:
   0: backtrace::backtrace::libunwind::trace
             at /cargo/registry/src/github.com-1ecc6299db9ec823/backtrace-0.3.44/src/backtrace/libunwind.rs:86
   1: backtrace::backtrace::trace_unsynchronized
             at /cargo/registry/src/github.com-1ecc6299db9ec823/backtrace-0.3.44/src/backtrace/mod.rs:66
   2: std::sys_common::backtrace::_print_fmt
             at src/libstd/sys_common/backtrace.rs:78
   3: <std::sys_common::backtrace::_print::DisplayBacktrace as core::fmt::Display>::fmt
             at src/libstd/sys_common/backtrace.rs:59
   4: core::fmt::write
             at src/libcore/fmt/mod.rs:1063
   5: std::io::Write::write_fmt
             at src/libstd/io/mod.rs:1426
   6: std::sys_common::backtrace::_print
             at src/libstd/sys_common/backtrace.rs:62
   7: std::sys_common::backtrace::print
             at src/libstd/sys_common/backtrace.rs:49
   8: std::panicking::default_hook::{{closure}}
             at src/libstd/panicking.rs:204
   9: std::panicking::default_hook
             at src/libstd/panicking.rs:224
  10: std::panicking::rust_panic_with_hook
             at src/libstd/panicking.rs:470
  11: rust_begin_unwind
             at src/libstd/panicking.rs:378
  12: core::panicking::panic_fmt
             at src/libcore/panicking.rs:85
  13: core::option::expect_failed
             at src/libcore/option.rs:1203
  14: core::option::Option<T>::expect
             at /rustc/8d69840ab92ea7f4d323420088dd8c9775f180cd/src/libcore/option.rs:347
  15: std::io::stdio::stdout
             at src/libstd/io/stdio.rs:487
  16: std::io::stdio::print_to::{{closure}}
             at src/libstd/io/stdio.rs:800
  17: std::thread::local::LocalKey<T>::try_with
             at src/libstd/thread/local.rs:262
  18: std::io::stdio::print_to
             at src/libstd/io/stdio.rs:793
  19: std::io::stdio::_print
             at src/libstd/io/stdio.rs:817
